2022.11.08 23:15:35 INFO  tracing is disabled for protocol LSP, to enable tracing of incoming and outgoing JSON messages create an empty file at /Users/danie/new_project_processing_diff_some_pdf_file/.metals/lsp.trace.json or /Users/danie/Library/Caches/org.scalameta.metals/lsp.trace.json
2022.11.08 23:15:36 INFO  logging to file /Users/danie/new_project_processing_diff_some_pdf_file/.metals/metals.log
2022.11.08 23:15:36 INFO  Started: Metals version 0.11.9 in workspace '/Users/danie/new_project_processing_diff_some_pdf_file' for client Visual Studio Code 1.71.2.
2022.11.08 23:15:39 INFO  time: initialize in 2.59s
2022.11.08 23:15:39 WARN  Build server is not auto-connectable.
2022.11.08 23:15:39 WARN  no build tool detected in workspace '/Users/danie/new_project_processing_diff_some_pdf_file'. The most common cause for this problem is that the editor was opened in the wrong working directory, for example if you use sbt then the workspace directory should contain build.sbt. 
2022.11.08 23:16:12 INFO  
2022.11.08 23:16:12 INFO  Template applied in /Users/danie/./new_project_processing_diff_some_pdf_file
2022.11.08 23:16:12 INFO  
2022.11.08 23:16:12 INFO  time: ran 'giter8.Giter8' in 3.91s
2022.11.08 23:16:13 WARN  no build target for: /Users/danie/new_project_processing_diff_some_pdf_file/build.sbt
2022.11.08 23:16:21 INFO  no build target found for /Users/danie/new_project_processing_diff_some_pdf_file/build.sbt. Using presentation compiler with project's scala-library version: 3.2.0
2022.11.08 23:17:19 WARN  no build target for: /Users/danie/new_project_processing_diff_some_pdf_file/build.sbt
2022.11.08 23:18:44 WARN  no build target for: /Users/danie/new_project_processing_diff_some_pdf_file/build.sbt
2022.11.08 23:18:44 INFO  skipping build import with status 'Dismissed'
2022.11.08 23:18:56 WARN  no build target for: /Users/danie/new_project_processing_diff_some_pdf_file/build.sbt
2022.11.08 23:18:56 INFO  skipping build import with status 'Dismissed'
2022.11.08 23:18:57 WARN  no build target for: /Users/danie/new_project_processing_diff_some_pdf_file/build.sbt
2022.11.08 23:18:57 INFO  skipping build import with status 'Dismissed'
2022.11.08 23:18:58 WARN  no build target for: /Users/danie/new_project_processing_diff_some_pdf_file/build.sbt
2022.11.08 23:18:57 INFO  skipping build import with status 'Dismissed'
2022.11.08 23:18:58 WARN  no build target for: /Users/danie/new_project_processing_diff_some_pdf_file/build.sbt
2022.11.08 23:18:58 INFO  skipping build import with status 'Dismissed'
2022.11.08 23:18:58 WARN  no build target for: /Users/danie/new_project_processing_diff_some_pdf_file/build.sbt
2022.11.08 23:18:58 INFO  skipping build import with status 'Dismissed'
2022.11.08 23:18:58 WARN  no build target for: /Users/danie/new_project_processing_diff_some_pdf_file/build.sbt
2022.11.08 23:18:58 INFO  skipping build import with status 'Dismissed'
2022.11.08 23:18:59 WARN  no build target for: /Users/danie/new_project_processing_diff_some_pdf_file/build.sbt
2022.11.08 23:18:59 INFO  skipping build import with status 'Dismissed'
2022.11.08 23:18:58 WARN  no build target for: /Users/danie/new_project_processing_diff_some_pdf_file/build.sbt
2022.11.08 23:18:58 INFO  skipping build import with status 'Dismissed'
2022.11.08 23:18:58 WARN  no build target for: /Users/danie/new_project_processing_diff_some_pdf_file/build.sbt
2022.11.08 23:18:58 INFO  skipping build import with status 'Dismissed'
2022.11.08 23:18:59 WARN  no build target for: /Users/danie/new_project_processing_diff_some_pdf_file/build.sbt
2022.11.08 23:18:59 INFO  skipping build import with status 'Dismissed'
2022.11.08 23:18:58 WARN  no build target for: /Users/danie/new_project_processing_diff_some_pdf_file/build.sbt
2022.11.08 23:18:59 INFO  skipping build import with status 'Dismissed'
2022.11.08 23:18:59 WARN  no build target for: /Users/danie/new_project_processing_diff_some_pdf_file/build.sbt
2022.11.08 23:18:59 INFO  skipping build import with status 'Dismissed'
2022.11.08 23:19:00 WARN  no build target for: /Users/danie/new_project_processing_diff_some_pdf_file/build.sbt
2022.11.08 23:19:00 INFO  skipping build import with status 'Dismissed'
2022.11.08 23:19:26 INFO  shutting down Metals
2022.11.08 23:19:46 INFO  tracing is disabled for protocol LSP, to enable tracing of incoming and outgoing JSON messages create an empty file at /Users/danie/new_project_processing_diff_some_pdf_file/.metals/lsp.trace.json or /Users/danie/Library/Caches/org.scalameta.metals/lsp.trace.json
2022.11.08 23:19:46 INFO  logging to file /Users/danie/new_project_processing_diff_some_pdf_file/.metals/metals.log
2022.11.08 23:19:46 INFO  Started: Metals version 0.11.9 in workspace '/Users/danie/new_project_processing_diff_some_pdf_file' for client Visual Studio Code 1.71.2.
2022.11.08 23:19:48 INFO  time: initialize in 2.05s
2022.11.08 23:19:48 WARN  Build server is not auto-connectable.
2022.11.08 23:19:49 WARN  no build target for: /Users/danie/new_project_processing_diff_some_pdf_file/build.sbt
2022.11.08 23:19:51 INFO  running '/Library/Java/JavaVirtualMachines/adoptopenjdk-8.jdk/Contents/Home/bin/java -Djline.terminal=jline.UnsupportedTerminal -Dsbt.log.noformat=true -Dfile.encoding=UTF-8 -jar /var/folders/wp/bp9bp3r953bf437bj18swwx40000gn/T/metals7419843494576081155/sbt-launch.jar -Dbloop.export-jar-classifiers=sources bloopInstall'
2022.11.08 23:19:52 WARN  no build target for: /Users/danie/new_project_processing_diff_some_pdf_file/project/project/metals.sbt
2022.11.08 23:19:52 WARN  no build target for: /Users/danie/new_project_processing_diff_some_pdf_file/project/metals.sbt
2022.11.08 23:19:52 INFO  skipping build import with status 'Started'
2022.11.08 23:19:54 INFO  no build target found for /Users/danie/new_project_processing_diff_some_pdf_file/build.sbt. Using presentation compiler with project's scala-library version: 3.2.0
2022.11.08 23:19:55 INFO  [info] welcome to sbt 1.7.2 (AdoptOpenJDK Java 1.8.0_292)
2022.11.08 23:19:57 INFO  time: code lens generation in 6.97s
2022.11.08 23:19:58 INFO  [info] loading global plugins from /Users/danie/.sbt/1.0/plugins
2022.11.08 23:20:04 INFO  [info] loading settings for project new_project_processing_diff_some_pdf_file-build-build from metals.sbt ...
2022.11.08 23:20:04 INFO  [info] loading project definition from /Users/danie/new_project_processing_diff_some_pdf_file/project/project
2022.11.08 23:20:08 INFO  [info] loading settings for project new_project_processing_diff_some_pdf_file-build from metals.sbt ...
2022.11.08 23:20:08 INFO  [info] loading project definition from /Users/danie/new_project_processing_diff_some_pdf_file/project
2022.11.08 23:20:14 INFO  [success] Generated .bloop/new_project_processing_diff_some_pdf_file-build.json
2022.11.08 23:20:14 INFO  [success] Total time: 6 s, completed 2022年11月8日 下午11:20:15
2022.11.08 23:20:20 INFO  [info] loading settings for project new_project_processing_diff_some_pdf_file from build.sbt ...
2022.11.08 23:20:20 INFO  [info] set current project to hello-world (in build file:/Users/danie/new_project_processing_diff_some_pdf_file/)
2022.11.08 23:20:27 INFO  [success] Generated .bloop/new_project_processing_diff_some_pdf_file.json
2022.11.08 23:20:27 INFO  [success] Generated .bloop/new_project_processing_diff_some_pdf_file-test.json
2022.11.08 23:20:27 INFO  [success] Total time: 7 s, completed 2022年11月8日 下午11:20:27
2022.11.08 23:20:28 INFO  time: ran 'sbt bloopInstall' in 36s
2022.11.08 23:20:28 INFO  Attempting to connect to the build server...
2022.11.08 23:20:28 INFO  Bloop uses /opt/homebrew/Cellar/openjdk@17/17.0.4.1_1/libexec/openjdk.jdk/Contents/Home defined at /Users/danie/.bloop/bloop.json
2022.11.08 23:20:29 INFO  tracing is disabled for protocol BSP, to enable tracing of incoming and outgoing JSON messages create an empty file at /Users/danie/new_project_processing_diff_some_pdf_file/.metals/bsp.trace.json or /Users/danie/Library/Caches/org.scalameta.metals/bsp.trace.json
2022.11.08 23:20:29 INFO  Attempting to connect to the build server...
2022.11.08 23:20:29 INFO  Bloop uses /opt/homebrew/Cellar/openjdk@17/17.0.4.1_1/libexec/openjdk.jdk/Contents/Home defined at /Users/danie/.bloop/bloop.json
2022.11.08 23:20:29 INFO  tracing is disabled for protocol BSP, to enable tracing of incoming and outgoing JSON messages create an empty file at /Users/danie/new_project_processing_diff_some_pdf_file/project/.metals/bsp.trace.json or /Users/danie/Library/Caches/org.scalameta.metals/bsp.trace.json
2022.11.08 23:20:29 INFO  time: Connected to build server in 1.96s
2022.11.08 23:20:29 INFO  Connected to Build server: Bloop v1.5.4
2022.11.08 23:20:29 INFO  time: Imported build in 0.26s
2022.11.08 23:20:38 INFO  time: indexed workspace in 7.66s
2022.11.08 23:20:49 INFO  time: code lens generation in 3.16s
